0 info it worked if it ends with ok
1 verbose cli [ '/usr/local/Cellar/node/7.0.0/bin/node',
1 verbose cli   '/usr/local/bin/npm',
1 verbose cli   'install',
1 verbose cli   'zlib' ]
2 info using npm@3.10.8
3 info using node@v7.0.0
4 silly loadCurrentTree Starting
5 silly install loadCurrentTree
6 silly install readLocalPackageData
7 silly fetchPackageMetaData zlib
8 silly fetchNamedPackageData zlib
9 silly mapToRegistry name zlib
10 silly mapToRegistry using default registry
11 silly mapToRegistry registry https://registry.npmjs.org/
12 silly mapToRegistry data Result {
12 silly mapToRegistry   raw: 'zlib',
12 silly mapToRegistry   scope: null,
12 silly mapToRegistry   escapedName: 'zlib',
12 silly mapToRegistry   name: 'zlib',
12 silly mapToRegistry   rawSpec: '',
12 silly mapToRegistry   spec: 'latest',
12 silly mapToRegistry   type: 'tag' }
13 silly mapToRegistry uri https://registry.npmjs.org/zlib
14 verbose request uri https://registry.npmjs.org/zlib
15 verbose request no auth needed
16 info attempt registry request try #1 at 9:59:17 PM
17 verbose request id 679888cb76e53083
18 verbose etag "5ZD8OZO6M8FVHQHJHDOOR2QN9"
19 http request GET https://registry.npmjs.org/zlib
20 http 304 https://registry.npmjs.org/zlib
21 verbose headers { date: 'Sat, 29 Oct 2016 20:59:10 GMT',
21 verbose headers   via: '1.1 varnish',
21 verbose headers   'cache-control': 'max-age=300',
21 verbose headers   etag: '"5ZD8OZO6M8FVHQHJHDOOR2QN9"',
21 verbose headers   age: '119',
21 verbose headers   connection: 'keep-alive',
21 verbose headers   'x-served-by': 'cache-lcy1135-LCY',
21 verbose headers   'x-cache': 'HIT',
21 verbose headers   'x-cache-hits': '1',
21 verbose headers   'x-timer': 'S1477774750.654824,VS0,VE0',
21 verbose headers   vary: 'Accept-Encoding' }
22 silly get cb [ 304,
22 silly get   { date: 'Sat, 29 Oct 2016 20:59:10 GMT',
22 silly get     via: '1.1 varnish',
22 silly get     'cache-control': 'max-age=300',
22 silly get     etag: '"5ZD8OZO6M8FVHQHJHDOOR2QN9"',
22 silly get     age: '119',
22 silly get     connection: 'keep-alive',
22 silly get     'x-served-by': 'cache-lcy1135-LCY',
22 silly get     'x-cache': 'HIT',
22 silly get     'x-cache-hits': '1',
22 silly get     'x-timer': 'S1477774750.654824,VS0,VE0',
22 silly get     vary: 'Accept-Encoding' } ]
23 verbose etag https://registry.npmjs.org/zlib from cache
24 verbose get saving zlib to /Users/gomezm/.npm/registry.npmjs.org/zlib/.cache.json
25 verbose correctMkdir /Users/gomezm/.npm correctMkdir not in flight; initializing
26 silly install normalizeTree
27 silly loadCurrentTree Finishing
28 silly loadIdealTree Starting
29 silly install loadIdealTree
30 silly cloneCurrentTree Starting
31 silly install cloneCurrentTreeToIdealTree
32 silly cloneCurrentTree Finishing
33 silly loadShrinkwrap Starting
34 silly install loadShrinkwrap
35 silly loadShrinkwrap Finishing
36 silly loadAllDepsIntoIdealTree Starting
37 silly install loadAllDepsIntoIdealTree
38 silly resolveWithNewModule zlib@1.0.5 checking installable status
39 silly cache add args [ 'zlib', null ]
40 verbose cache add spec zlib
41 silly cache add parsed spec Result {
41 silly cache add   raw: 'zlib',
41 silly cache add   scope: null,
41 silly cache add   escapedName: 'zlib',
41 silly cache add   name: 'zlib',
41 silly cache add   rawSpec: '',
41 silly cache add   spec: 'latest',
41 silly cache add   type: 'tag' }
42 silly addNamed zlib@latest
43 verbose addNamed "latest" is being treated as a dist-tag for zlib
44 info addNameTag [ 'zlib', 'latest' ]
45 silly mapToRegistry name zlib
46 silly mapToRegistry using default registry
47 silly mapToRegistry registry https://registry.npmjs.org/
48 silly mapToRegistry data Result {
48 silly mapToRegistry   raw: 'zlib',
48 silly mapToRegistry   scope: null,
48 silly mapToRegistry   escapedName: 'zlib',
48 silly mapToRegistry   name: 'zlib',
48 silly mapToRegistry   rawSpec: '',
48 silly mapToRegistry   spec: 'latest',
48 silly mapToRegistry   type: 'tag' }
49 silly mapToRegistry uri https://registry.npmjs.org/zlib
50 verbose addNameTag registry:https://registry.npmjs.org/zlib not in flight; fetching
51 verbose get https://registry.npmjs.org/zlib not expired, no request
52 silly addNameTag next cb for zlib with tag latest
53 silly addNamed zlib@1.0.5
54 verbose addNamed "1.0.5" is a plain semver version for zlib
55 silly cache afterAdd zlib@1.0.5
56 verbose afterAdd /Users/gomezm/.npm/zlib/1.0.5/package/package.json not in flight; writing
57 verbose correctMkdir /Users/gomezm/.npm correctMkdir not in flight; initializing
58 verbose afterAdd /Users/gomezm/.npm/zlib/1.0.5/package/package.json written
59 silly loadAllDepsIntoIdealTree Finishing
60 silly loadIdealTree Finishing
61 silly currentTree 404NotFound
61 silly currentTree ├── accepts@1.3.3
61 silly currentTree ├── acorn@3.3.0
61 silly currentTree ├── align-text@0.1.4
61 silly currentTree ├── amdefine@1.0.0
61 silly currentTree ├── ansi-regex@2.0.0
61 silly currentTree ├── ansi-styles@2.2.1
61 silly currentTree ├── ansicolors@0.3.2
61 silly currentTree ├── anymatch@1.3.0
61 silly currentTree ├── anysort@1.0.1
61 silly currentTree ├── arr-diff@2.0.0
61 silly currentTree ├── arr-flatten@1.0.1
61 silly currentTree ├── array-flatten@1.1.1
61 silly currentTree ├── array-unique@0.2.1
61 silly currentTree ├── arrify@1.0.1
61 silly currentTree ├── asn1.js@4.8.1
61 silly currentTree ├── asn1@0.2.3
61 silly currentTree ├── assert-plus@0.2.0
61 silly currentTree ├── assert@1.3.0
61 silly currentTree ├── async-each@1.0.1
61 silly currentTree ├── async@0.2.10
61 silly currentTree ├── asynckit@0.4.0
61 silly currentTree ├── aws-sign2@0.6.0
61 silly currentTree ├── aws4@1.5.0
61 silly currentTree ├── babel-brunch@6.0.6
61 silly currentTree ├── babel-code-frame@6.16.0
61 silly currentTree ├── babel-core@6.18.0
61 silly currentTree ├── babel-generator@6.18.0
61 silly currentTree ├── babel-helper-builder-binary-assignment-operator-visitor@6.18.0
61 silly currentTree ├── babel-helper-call-delegate@6.18.0
61 silly currentTree ├── babel-helper-define-map@6.18.0
61 silly currentTree ├── babel-helper-explode-assignable-expression@6.18.0
61 silly currentTree ├── babel-helper-function-name@6.18.0
61 silly currentTree ├── babel-helper-get-function-arity@6.18.0
61 silly currentTree ├── babel-helper-hoist-variables@6.18.0
61 silly currentTree ├── babel-helper-optimise-call-expression@6.18.0
61 silly currentTree ├── babel-helper-regex@6.18.0
61 silly currentTree ├── babel-helper-replace-supers@6.18.0
61 silly currentTree ├── babel-helpers@6.16.0
61 silly currentTree ├── babel-messages@6.8.0
61 silly currentTree ├── babel-plugin-check-es2015-constants@6.8.0
61 silly currentTree ├── babel-plugin-syntax-exponentiation-operator@6.13.0
61 silly currentTree ├── babel-plugin-transform-es2015-arrow-functions@6.8.0
61 silly currentTree ├── babel-plugin-transform-es2015-block-scoped-functions@6.8.0
61 silly currentTree ├── babel-plugin-transform-es2015-block-scoping@6.18.0
61 silly currentTree ├── babel-plugin-transform-es2015-classes@6.18.0
61 silly currentTree ├── babel-plugin-transform-es2015-computed-properties@6.8.0
61 silly currentTree ├── babel-plugin-transform-es2015-destructuring@6.18.0
61 silly currentTree ├── babel-plugin-transform-es2015-duplicate-keys@6.8.0
61 silly currentTree ├── babel-plugin-transform-es2015-for-of@6.18.0
61 silly currentTree ├── babel-plugin-transform-es2015-function-name@6.9.0
61 silly currentTree ├── babel-plugin-transform-es2015-literals@6.8.0
61 silly currentTree ├── babel-plugin-transform-es2015-modules-amd@6.18.0
61 silly currentTree ├── babel-plugin-transform-es2015-modules-commonjs@6.18.0
61 silly currentTree ├── babel-plugin-transform-es2015-modules-systemjs@6.18.0
61 silly currentTree ├── babel-plugin-transform-es2015-modules-umd@6.18.0
61 silly currentTree ├── babel-plugin-transform-es2015-object-super@6.8.0
61 silly currentTree ├── babel-plugin-transform-es2015-parameters@6.18.0
61 silly currentTree ├── babel-plugin-transform-es2015-shorthand-properties@6.18.0
61 silly currentTree ├── babel-plugin-transform-es2015-spread@6.8.0
61 silly currentTree ├── babel-plugin-transform-es2015-sticky-regex@6.8.0
61 silly currentTree ├── babel-plugin-transform-es2015-template-literals@6.8.0
61 silly currentTree ├── babel-plugin-transform-es2015-typeof-symbol@6.18.0
61 silly currentTree ├── babel-plugin-transform-es2015-unicode-regex@6.11.0
61 silly currentTree ├── babel-plugin-transform-exponentiation-operator@6.8.0
61 silly currentTree ├── babel-plugin-transform-regenerator@6.16.1
61 silly currentTree ├── babel-plugin-transform-strict-mode@6.18.0
61 silly currentTree ├── babel-preset-es2015@6.18.0
61 silly currentTree ├── babel-preset-es2016@6.16.0
61 silly currentTree ├── babel-register@6.18.0
61 silly currentTree ├── babel-runtime@6.18.0
61 silly currentTree ├── babel-template@6.16.0
61 silly currentTree ├── babel-traverse@6.18.0
61 silly currentTree ├── babel-types@6.18.0
61 silly currentTree ├── babylon@6.13.1
61 silly currentTree ├── balanced-match@0.4.2
61 silly currentTree ├── base64-js@1.2.0
61 silly currentTree ├── bcrypt-pbkdf@1.0.0
61 silly currentTree ├── binary-extensions@1.7.0
61 silly currentTree ├── bn.js@4.11.6
61 silly currentTree ├── boom@2.10.1
61 silly currentTree ├── bower-config@1.4.0
61 silly currentTree ├── brace-expansion@1.1.6
61 silly currentTree ├── braces@1.8.5
61 silly currentTree ├── brorand@1.0.6
61 silly currentTree ├── browser-resolve@1.11.2
61 silly currentTree ├── browserify-aes@1.0.6
61 silly currentTree ├── browserify-cipher@1.0.0
61 silly currentTree ├── browserify-des@1.0.0
61 silly currentTree ├── browserify-rsa@4.0.1
61 silly currentTree ├── browserify-sign@4.0.0
61 silly currentTree ├── brunch-skeletons@0.1.4
61 silly currentTree ├── brunch@2.7.4
61 silly currentTree ├── buffer-shims@1.0.0
61 silly currentTree ├── buffer-xor@1.0.3
61 silly currentTree ├── buffer@4.3.1
61 silly currentTree ├── builtin-status-codes@2.0.0
61 silly currentTree ├── camelcase@1.2.1
61 silly currentTree ├── caseless@0.11.0
61 silly currentTree ├── center-align@0.1.3
61 silly currentTree ├── chalk@1.1.3
61 silly currentTree ├─┬ check-dependencies@0.12.3
61 silly currentTree │ └── minimist@1.2.0
61 silly currentTree ├── chokidar@1.4.3
61 silly currentTree ├── cipher-base@1.0.3
61 silly currentTree ├── clean-css-brunch@2.0.0
61 silly currentTree ├─┬ clean-css@3.4.20
61 silly currentTree │ ├── commander@2.8.1
61 silly currentTree │ └── source-map@0.4.4
61 silly currentTree ├─┬ cliui@2.1.0
61 silly currentTree │ └── wordwrap@0.0.2
61 silly currentTree ├── clockwork@0.1.4
61 silly currentTree ├── coffee-script@1.10.0
61 silly currentTree ├── combined-stream@1.0.5
61 silly currentTree ├── commander@2.9.0
61 silly currentTree ├── commonjs-require-definition@0.5.0
61 silly currentTree ├── concat-map@0.0.1
61 silly currentTree ├── connect-slashes@1.3.1
61 silly currentTree ├── content-disposition@0.5.1
61 silly currentTree ├── content-type@1.0.2
61 silly currentTree ├── convert-source-map@1.3.0
61 silly currentTree ├── cookie-signature@1.0.6
61 silly currentTree ├── cookie@0.3.1
61 silly currentTree ├── core-js@2.4.1
61 silly currentTree ├── core-util-is@1.0.2
61 silly currentTree ├── create-ecdh@4.0.0
61 silly currentTree ├── create-hash@1.1.2
61 silly currentTree ├── create-hmac@1.1.4
61 silly currentTree ├── cryptiles@2.0.5
61 silly currentTree ├── crypto-browserify@3.11.0
61 silly currentTree ├── css-brunch@2.0.0
61 silly currentTree ├─┬ dashdash@1.14.0
61 silly currentTree │ └── assert-plus@1.0.0
61 silly currentTree ├── debug@2.2.0
61 silly currentTree ├── decamelize@1.2.0
61 silly currentTree ├── deep-assign@2.0.0
61 silly currentTree ├── defined@1.0.0
61 silly currentTree ├── delayed-stream@1.0.0
61 silly currentTree ├── depd@1.1.0
61 silly currentTree ├── deppack@0.4.4
61 silly currentTree ├── des.js@1.0.0
61 silly currentTree ├── destroy@1.0.4
61 silly currentTree ├── detect-file@0.1.0
61 silly currentTree ├── detect-indent@4.0.0
61 silly currentTree ├── detective@4.3.2
61 silly currentTree ├── diffie-hellman@5.0.2
61 silly currentTree ├── domain-browser@1.1.7
61 silly currentTree ├── ecc-jsbn@0.1.1
61 silly currentTree ├── ee-first@1.1.1
61 silly currentTree ├── elliptic@6.3.2
61 silly currentTree ├── encodeurl@1.0.1
61 silly currentTree ├── escape-html@1.0.3
61 silly currentTree ├── escape-string-regexp@1.0.5
61 silly currentTree ├── esprima@2.7.3
61 silly currentTree ├── esutils@2.0.2
61 silly currentTree ├── etag@1.7.0
61 silly currentTree ├── events@1.1.1
61 silly currentTree ├── evp_bytestokey@1.0.0
61 silly currentTree ├── expand-brackets@0.1.5
61 silly currentTree ├── expand-range@1.8.2
61 silly currentTree ├── expand-tilde@1.2.2
61 silly currentTree ├── express@4.14.0
61 silly currentTree ├── extend@3.0.0
61 silly currentTree ├── extglob@0.3.2
61 silly currentTree ├── extsprintf@1.0.2
61 silly currentTree ├── fast-levenshtein@1.1.4
61 silly currentTree ├── fcache@0.1.1
61 silly currentTree ├── filename-regex@2.0.0
61 silly currentTree ├── fill-range@2.2.3
61 silly currentTree ├── finalhandler@0.5.0
61 silly currentTree ├── findup-sync@0.4.3
61 silly currentTree ├── for-in@0.1.6
61 silly currentTree ├── for-own@0.1.4
61 silly currentTree ├── forever-agent@0.6.1
61 silly currentTree ├── form-data@2.1.1
61 silly currentTree ├── forwarded@0.1.0
61 silly currentTree ├── fresh@0.3.0
61 silly currentTree ├── fs-exists-sync@0.1.0
61 silly currentTree ├── fs.realpath@1.0.0
61 silly currentTree ├─┬ fsevents@1.0.14
61 silly currentTree │ ├── abbrev@1.0.9
61 silly currentTree │ ├── ansi-regex@2.0.0
61 silly currentTree │ ├── ansi-styles@2.2.1
61 silly currentTree │ ├── aproba@1.0.4
61 silly currentTree │ ├── are-we-there-yet@1.1.2
61 silly currentTree │ ├── asn1@0.2.3
61 silly currentTree │ ├── assert-plus@0.2.0
61 silly currentTree │ ├── async@1.5.2
61 silly currentTree │ ├── aws-sign2@0.6.0
61 silly currentTree │ ├── aws4@1.4.1
61 silly currentTree │ ├── balanced-match@0.4.2
61 silly currentTree │ ├─┬ bl@1.1.2
61 silly currentTree │ │ └── readable-stream@2.0.6
61 silly currentTree │ ├── block-stream@0.0.9
61 silly currentTree │ ├── boom@2.10.1
61 silly currentTree │ ├── brace-expansion@1.1.5
61 silly currentTree │ ├── buffer-shims@1.0.0
61 silly currentTree │ ├── caseless@0.11.0
61 silly currentTree │ ├── chalk@1.1.3
61 silly currentTree │ ├── code-point-at@1.0.0
61 silly currentTree │ ├── combined-stream@1.0.5
61 silly currentTree │ ├── commander@2.9.0
61 silly currentTree │ ├── concat-map@0.0.1
61 silly currentTree │ ├── console-control-strings@1.1.0
61 silly currentTree │ ├── core-util-is@1.0.2
61 silly currentTree │ ├── cryptiles@2.0.5
61 silly currentTree │ ├─┬ dashdash@1.14.0
61 silly currentTree │ │ └── assert-plus@1.0.0
61 silly currentTree │ ├── debug@2.2.0
61 silly currentTree │ ├── deep-extend@0.4.1
61 silly currentTree │ ├── delayed-stream@1.0.0
61 silly currentTree │ ├── delegates@1.0.0
61 silly currentTree │ ├── ecc-jsbn@0.1.1
61 silly currentTree │ ├── escape-string-regexp@1.0.5
61 silly currentTree │ ├── extend@3.0.0
61 silly currentTree │ ├── extsprintf@1.0.2
61 silly currentTree │ ├── forever-agent@0.6.1
61 silly currentTree │ ├── form-data@1.0.0-rc4
61 silly currentTree │ ├── fs.realpath@1.0.0
61 silly currentTree │ ├── fstream-ignore@1.0.5
61 silly currentTree │ ├── fstream@1.0.10
61 silly currentTree │ ├── gauge@2.6.0
61 silly currentTree │ ├── generate-function@2.0.0
61 silly currentTree │ ├── generate-object-property@1.2.0
61 silly currentTree │ ├─┬ getpass@0.1.6
61 silly currentTree │ │ └── assert-plus@1.0.0
61 silly currentTree │ ├── glob@7.0.5
61 silly currentTree │ ├── graceful-fs@4.1.4
61 silly currentTree │ ├── graceful-readlink@1.0.1
61 silly currentTree │ ├── har-validator@2.0.6
61 silly currentTree │ ├── has-ansi@2.0.0
61 silly currentTree │ ├── has-color@0.1.7
61 silly currentTree │ ├── has-unicode@2.0.1
61 silly currentTree │ ├── hawk@3.1.3
61 silly currentTree │ ├── hoek@2.16.3
61 silly currentTree │ ├── http-signature@1.1.1
61 silly currentTree │ ├── inflight@1.0.5
61 silly currentTree │ ├── inherits@2.0.1
61 silly currentTree │ ├── ini@1.3.4
61 silly currentTree │ ├── is-fullwidth-code-point@1.0.0
61 silly currentTree │ ├── is-my-json-valid@2.13.1
61 silly currentTree │ ├── is-property@1.0.2
61 silly currentTree │ ├── is-typedarray@1.0.0
61 silly currentTree │ ├── isarray@1.0.0
61 silly currentTree │ ├── isstream@0.1.2
61 silly currentTree │ ├── jodid25519@1.0.2
61 silly currentTree │ ├── jsbn@0.1.0
61 silly currentTree │ ├── json-schema@0.2.2
61 silly currentTree │ ├── json-stringify-safe@5.0.1
61 silly currentTree │ ├── jsonpointer@2.0.0
61 silly currentTree │ ├── jsprim@1.3.0
61 silly currentTree │ ├── mime-db@1.23.0
61 silly currentTree │ ├── mime-types@2.1.11
61 silly currentTree │ ├── minimatch@3.0.2
61 silly currentTree │ ├── minimist@0.0.8
61 silly currentTree │ ├── mkdirp@0.5.1
61 silly currentTree │ ├── ms@0.7.1
61 silly currentTree │ ├── node-pre-gyp@0.6.29
61 silly currentTree │ ├── node-uuid@1.4.7
61 silly currentTree │ ├── nopt@3.0.6
61 silly currentTree │ ├── npmlog@3.1.2
61 silly currentTree │ ├── number-is-nan@1.0.0
61 silly currentTree │ ├── oauth-sign@0.8.2
61 silly currentTree │ ├── object-assign@4.1.0
61 silly currentTree │ ├── once@1.3.3
61 silly currentTree │ ├── path-is-absolute@1.0.0
61 silly currentTree │ ├── pinkie-promise@2.0.1
61 silly currentTree │ ├── pinkie@2.0.4
61 silly currentTree │ ├── process-nextick-args@1.0.7
61 silly currentTree │ ├── qs@6.2.0
61 silly currentTree │ ├─┬ rc@1.1.6
61 silly currentTree │ │ └── minimist@1.2.0
61 silly currentTree │ ├── readable-stream@2.1.4
61 silly currentTree │ ├── request@2.73.0
61 silly currentTree │ ├── rimraf@2.5.3
61 silly currentTree │ ├── semver@5.2.0
61 silly currentTree │ ├── set-blocking@2.0.0
61 silly currentTree │ ├── signal-exit@3.0.0
61 silly currentTree │ ├── sntp@1.0.9
61 silly currentTree │ ├─┬ sshpk@1.8.3
61 silly currentTree │ │ └── assert-plus@1.0.0
61 silly currentTree │ ├── string_decoder@0.10.31
61 silly currentTree │ ├── string-width@1.0.1
61 silly currentTree │ ├── stringstream@0.0.5
61 silly currentTree │ ├── strip-ansi@3.0.1
61 silly currentTree │ ├── strip-json-comments@1.0.4
61 silly currentTree │ ├── supports-color@2.0.0
61 silly currentTree │ ├── tar-pack@3.1.4
61 silly currentTree │ ├── tar@2.2.1
61 silly currentTree │ ├── tough-cookie@2.2.2
61 silly currentTree │ ├── tunnel-agent@0.4.3
61 silly currentTree │ ├── tweetnacl@0.13.3
61 silly currentTree │ ├── uid-number@0.0.6
61 silly currentTree │ ├── util-deprecate@1.0.2
61 silly currentTree │ ├── verror@1.3.6
61 silly currentTree │ ├── wide-align@1.1.0
61 silly currentTree │ ├── wrappy@1.0.2
61 silly currentTree │ └── xtend@4.0.1
61 silly currentTree ├── generate-function@2.0.0
61 silly currentTree ├── generate-object-property@1.2.0
61 silly currentTree ├─┬ getpass@0.1.6
61 silly currentTree │ └── assert-plus@1.0.0
61 silly currentTree ├── glob-base@0.3.0
61 silly currentTree ├── glob-parent@2.0.0
61 silly currentTree ├── glob@7.1.1
61 silly currentTree ├── global-modules@0.2.3
61 silly currentTree ├── global-prefix@0.1.4
61 silly currentTree ├── globals@9.12.0
61 silly currentTree ├── google-maps@3.2.1
61 silly currentTree ├── graceful-fs@4.1.9
61 silly currentTree ├── graceful-readlink@1.0.1
61 silly currentTree ├── growl@1.8.1
61 silly currentTree ├── har-validator@2.0.6
61 silly currentTree ├── has-ansi@2.0.0
61 silly currentTree ├── hash.js@1.0.3
61 silly currentTree ├── hawk@3.1.3
61 silly currentTree ├── hoek@2.16.3
61 silly currentTree ├── home-or-tmp@2.0.0
61 silly currentTree ├── hosted-git-info@2.1.5
61 silly currentTree ├─┬ http-errors@1.5.0
61 silly currentTree │ └── inherits@2.0.1
61 silly currentTree ├── http-signature@1.1.1
61 silly currentTree ├── https-browserify@0.0.1
61 silly currentTree ├── ieee754@1.1.8
61 silly currentTree ├── indexof@0.0.1
61 silly currentTree ├── inflight@1.0.6
61 silly currentTree ├── inherits@2.0.3
61 silly currentTree ├── ini@1.3.4
61 silly currentTree ├── init-skeleton@0.9.5
61 silly currentTree ├── invariant@2.2.1
61 silly currentTree ├── ipaddr.js@1.1.1
61 silly currentTree ├── is-binary-path@1.0.1
61 silly currentTree ├── is-buffer@1.1.4
61 silly currentTree ├── is-dotfile@1.0.2
61 silly currentTree ├── is-equal-shallow@0.1.3
61 silly currentTree ├── is-extendable@0.1.1
61 silly currentTree ├── is-extglob@1.0.0
61 silly currentTree ├── is-finite@1.0.2
61 silly currentTree ├── is-glob@2.0.1
61 silly currentTree ├── is-my-json-valid@2.15.0
61 silly currentTree ├── is-number@2.1.0
61 silly currentTree ├── is-obj@1.0.1
61 silly currentTree ├── is-posix-bracket@0.1.1
61 silly currentTree ├── is-primitive@2.0.0
61 silly currentTree ├── is-property@1.0.2
61 silly currentTree ├── is-typedarray@1.0.0
61 silly currentTree ├── is-windows@0.2.0
61 silly currentTree ├── isarray@1.0.0
61 silly currentTree ├── isexe@1.1.2
61 silly currentTree ├── isobject@2.1.0
61 silly currentTree ├── isstream@0.1.2
61 silly currentTree ├── javascript-brunch@2.0.0
61 silly currentTree ├── jodid25519@1.0.2
61 silly currentTree ├── jquery@3.1.1
61 silly currentTree ├── js-tokens@2.0.0
61 silly currentTree ├── jsbn@0.1.0
61 silly currentTree ├── jsesc@1.3.0
61 silly currentTree ├── json-schema@0.2.3
61 silly currentTree ├── json-stringify-safe@5.0.1
61 silly currentTree ├── json5@0.5.0
61 silly currentTree ├── jsonpointer@4.0.0
61 silly currentTree ├── jsprim@1.3.1
61 silly currentTree ├── kind-of@3.0.4
61 silly currentTree ├── lazy-cache@1.0.4
61 silly currentTree ├── lodash@4.16.4
61 silly currentTree ├── loggy@0.3.5
61 silly currentTree ├── longest@1.0.1
61 silly currentTree ├── loose-envify@1.3.0
61 silly currentTree ├── media-typer@0.3.0
61 silly currentTree ├── merge-descriptors@1.0.1
61 silly currentTree ├── methods@1.1.2
61 silly currentTree ├── micro-promisify@0.1.1
61 silly currentTree ├── micromatch@2.3.11
61 silly currentTree ├── miller-rabin@4.0.0
61 silly currentTree ├── mime-db@1.24.0
61 silly currentTree ├── mime-types@2.1.12
61 silly currentTree ├── mime@1.3.4
61 silly currentTree ├── minimalistic-assert@1.0.0
61 silly currentTree ├── minimatch@3.0.3
61 silly currentTree ├── minimist@0.0.8
61 silly currentTree ├── mkdirp@0.5.1
61 silly currentTree ├── mout@1.0.0
61 silly currentTree ├── ms@0.7.1
61 silly currentTree ├── nan@2.4.0
61 silly currentTree ├── ncp@2.0.0
61 silly currentTree ├── negotiator@0.6.1
61 silly currentTree ├─┬ node-browser-modules@0.1.0
61 silly currentTree │ └── readable-stream@2.0.6
61 silly currentTree ├── node-uuid@1.4.7
61 silly currentTree ├── normalize-git-url@3.0.2
61 silly currentTree ├── normalize-path@2.0.1
61 silly currentTree ├── number-is-nan@1.0.1
61 silly currentTree ├── oauth-sign@0.8.2
61 silly currentTree ├── object.omit@2.0.1
61 silly currentTree ├── on-finished@2.3.0
61 silly currentTree ├── once@1.4.0
61 silly currentTree ├── optimist@0.6.1
61 silly currentTree ├── os-browserify@0.2.1
61 silly currentTree ├── os-homedir@1.0.2
61 silly currentTree ├── os-tmpdir@1.0.2
61 silly currentTree ├── osenv@0.1.3
61 silly currentTree ├── parse-asn1@5.0.0
61 silly currentTree ├── parse-glob@3.0.4
61 silly currentTree ├── parseurl@1.3.1
61 silly currentTree ├── path-browserify@0.0.0
61 silly currentTree ├── path-is-absolute@1.0.1
61 silly currentTree ├── path-to-regexp@0.1.7
61 silly currentTree ├── pbkdf2@3.0.9
61 silly currentTree ├── phoenix_html@2.7.0
61 silly currentTree ├── phoenix@1.2.1
61 silly currentTree ├── pinkie-promise@2.0.1
61 silly currentTree ├── pinkie@2.0.4
61 silly currentTree ├── preserve@0.2.0
61 silly currentTree ├── private@0.1.6
61 silly currentTree ├── process-nextick-args@1.0.7
61 silly currentTree ├── process@0.11.9
61 silly currentTree ├── proxy-addr@1.1.2
61 silly currentTree ├── public-encrypt@4.0.0
61 silly currentTree ├── punycode@1.4.1
61 silly currentTree ├── pushserve@1.0.2
61 silly currentTree ├── qs@6.2.0
61 silly currentTree ├── querystring-es3@0.2.1
61 silly currentTree ├── querystring@0.2.0
61 silly currentTree ├── quickly-copy-file@1.0.0
61 silly currentTree ├── randomatic@1.1.5
61 silly currentTree ├── randombytes@2.0.3
61 silly currentTree ├── range-parser@1.2.0
61 silly currentTree ├── read-components@0.7.0
61 silly currentTree ├── readable-stream@2.1.5
61 silly currentTree ├── readdirp@2.1.0
61 silly currentTree ├── regenerate@1.3.1
61 silly currentTree ├── regenerator-runtime@0.9.5
61 silly currentTree ├── regex-cache@0.4.3
61 silly currentTree ├── regexpu-core@2.0.0
61 silly currentTree ├── regjsgen@0.2.0
61 silly currentTree ├─┬ regjsparser@0.1.5
61 silly currentTree │ └── jsesc@0.5.0
61 silly currentTree ├── repeat-element@1.1.2
61 silly currentTree ├── repeat-string@1.6.1
61 silly currentTree ├── repeating@2.0.1
61 silly currentTree ├─┬ request@2.76.0
61 silly currentTree │ └── qs@6.3.0
61 silly currentTree ├── resolve-dir@0.1.1
61 silly currentTree ├── resolve@1.1.7
61 silly currentTree ├── right-align@0.1.3
61 silly currentTree ├── ripemd160@1.0.1
61 silly currentTree ├── sax@1.2.1
61 silly currentTree ├── semver@5.3.0
61 silly currentTree ├── send@0.14.1
61 silly currentTree ├── serve-brunch@0.1.2
61 silly currentTree ├── serve-static@1.11.1
61 silly currentTree ├── set-immediate-shim@1.0.1
61 silly currentTree ├── setprototypeof@1.0.1
61 silly currentTree ├── sha.js@2.4.5
61 silly currentTree ├── since-app-start@0.1.0
61 silly currentTree ├── skemata@0.1.2
61 silly currentTree ├── slash@1.0.0
61 silly currentTree ├── sntp@1.0.9
61 silly currentTree ├── source-map-support@0.4.5
61 silly currentTree ├── source-map@0.5.6
61 silly currentTree ├─┬ sshpk@1.10.1
61 silly currentTree │ └── assert-plus@1.0.0
61 silly currentTree ├── statuses@1.3.0
61 silly currentTree ├── stream-browserify@2.0.1
61 silly currentTree ├── stream-http@2.1.1
61 silly currentTree ├── string_decoder@0.10.31
61 silly currentTree ├── stringstream@0.0.5
61 silly currentTree ├── strip-ansi@3.0.1
61 silly currentTree ├── supports-color@2.0.0
61 silly currentTree ├── timers-browserify@1.4.2
61 silly currentTree ├── to-arraybuffer@1.0.1
61 silly currentTree ├── to-fast-properties@1.0.2
61 silly currentTree ├── tough-cookie@2.3.2
61 silly currentTree ├─┬ true-case-path@1.0.2
61 silly currentTree │ └── glob@6.0.4
61 silly currentTree ├── tty-browserify@0.0.0
61 silly currentTree ├── tunnel-agent@0.4.3
61 silly currentTree ├── tweetnacl@0.14.3
61 silly currentTree ├── type-is@1.6.13
61 silly currentTree ├── uglify-js-brunch@2.0.1
61 silly currentTree ├── uglify-js@2.6.4
61 silly currentTree ├── uglify-to-browserify@1.0.2
61 silly currentTree ├── unpipe@1.0.0
61 silly currentTree ├── untildify@2.1.0
61 silly currentTree ├─┬ url@0.11.0
61 silly currentTree │ └── punycode@1.3.2
61 silly currentTree ├── util-deprecate@1.0.2
61 silly currentTree ├─┬ util@0.10.3
61 silly currentTree │ └── inherits@2.0.1
61 silly currentTree ├── utils-merge@1.0.0
61 silly currentTree ├── vary@1.1.0
61 silly currentTree ├── verror@1.3.6
61 silly currentTree ├── vm-browserify@0.0.4
61 silly currentTree ├── which@1.2.11
61 silly currentTree ├── window-size@0.1.0
61 silly currentTree ├── wordwrap@0.0.3
61 silly currentTree ├── wrappy@1.0.2
61 silly currentTree ├─┬ xml2js@0.4.17
61 silly currentTree │ └── xmlbuilder@4.2.1
61 silly currentTree ├── xmlbuilder@8.2.2
61 silly currentTree ├── xtend@4.0.1
61 silly currentTree └── yargs@3.10.0
62 silly idealTree 404NotFound
62 silly idealTree ├── accepts@1.3.3
62 silly idealTree ├── acorn@3.3.0
62 silly idealTree ├── align-text@0.1.4
62 silly idealTree ├── amdefine@1.0.0
62 silly idealTree ├── ansi-regex@2.0.0
62 silly idealTree ├── ansi-styles@2.2.1
62 silly idealTree ├── ansicolors@0.3.2
62 silly idealTree ├── anymatch@1.3.0
62 silly idealTree ├── anysort@1.0.1
62 silly idealTree ├── arr-diff@2.0.0
62 silly idealTree ├── arr-flatten@1.0.1
62 silly idealTree ├── array-flatten@1.1.1
62 silly idealTree ├── array-unique@0.2.1
62 silly idealTree ├── arrify@1.0.1
62 silly idealTree ├── asn1.js@4.8.1
62 silly idealTree ├── asn1@0.2.3
62 silly idealTree ├── assert-plus@0.2.0
62 silly idealTree ├── assert@1.3.0
62 silly idealTree ├── async-each@1.0.1
62 silly idealTree ├── async@0.2.10
62 silly idealTree ├── asynckit@0.4.0
62 silly idealTree ├── aws-sign2@0.6.0
62 silly idealTree ├── aws4@1.5.0
62 silly idealTree ├── babel-brunch@6.0.6
62 silly idealTree ├── babel-code-frame@6.16.0
62 silly idealTree ├── babel-core@6.18.0
62 silly idealTree ├── babel-generator@6.18.0
62 silly idealTree ├── babel-helper-builder-binary-assignment-operator-visitor@6.18.0
62 silly idealTree ├── babel-helper-call-delegate@6.18.0
62 silly idealTree ├── babel-helper-define-map@6.18.0
62 silly idealTree ├── babel-helper-explode-assignable-expression@6.18.0
62 silly idealTree ├── babel-helper-function-name@6.18.0
62 silly idealTree ├── babel-helper-get-function-arity@6.18.0
62 silly idealTree ├── babel-helper-hoist-variables@6.18.0
62 silly idealTree ├── babel-helper-optimise-call-expression@6.18.0
62 silly idealTree ├── babel-helper-regex@6.18.0
62 silly idealTree ├── babel-helper-replace-supers@6.18.0
62 silly idealTree ├── babel-helpers@6.16.0
62 silly idealTree ├── babel-messages@6.8.0
62 silly idealTree ├── babel-plugin-check-es2015-constants@6.8.0
62 silly idealTree ├── babel-plugin-syntax-exponentiation-operator@6.13.0
62 silly idealTree ├── babel-plugin-transform-es2015-arrow-functions@6.8.0
62 silly idealTree ├── babel-plugin-transform-es2015-block-scoped-functions@6.8.0
62 silly idealTree ├── babel-plugin-transform-es2015-block-scoping@6.18.0
62 silly idealTree ├── babel-plugin-transform-es2015-classes@6.18.0
62 silly idealTree ├── babel-plugin-transform-es2015-computed-properties@6.8.0
62 silly idealTree ├── babel-plugin-transform-es2015-destructuring@6.18.0
62 silly idealTree ├── babel-plugin-transform-es2015-duplicate-keys@6.8.0
62 silly idealTree ├── babel-plugin-transform-es2015-for-of@6.18.0
62 silly idealTree ├── babel-plugin-transform-es2015-function-name@6.9.0
62 silly idealTree ├── babel-plugin-transform-es2015-literals@6.8.0
62 silly idealTree ├── babel-plugin-transform-es2015-modules-amd@6.18.0
62 silly idealTree ├── babel-plugin-transform-es2015-modules-commonjs@6.18.0
62 silly idealTree ├── babel-plugin-transform-es2015-modules-systemjs@6.18.0
62 silly idealTree ├── babel-plugin-transform-es2015-modules-umd@6.18.0
62 silly idealTree ├── babel-plugin-transform-es2015-object-super@6.8.0
62 silly idealTree ├── babel-plugin-transform-es2015-parameters@6.18.0
62 silly idealTree ├── babel-plugin-transform-es2015-shorthand-properties@6.18.0
62 silly idealTree ├── babel-plugin-transform-es2015-spread@6.8.0
62 silly idealTree ├── babel-plugin-transform-es2015-sticky-regex@6.8.0
62 silly idealTree ├── babel-plugin-transform-es2015-template-literals@6.8.0
62 silly idealTree ├── babel-plugin-transform-es2015-typeof-symbol@6.18.0
62 silly idealTree ├── babel-plugin-transform-es2015-unicode-regex@6.11.0
62 silly idealTree ├── babel-plugin-transform-exponentiation-operator@6.8.0
62 silly idealTree ├── babel-plugin-transform-regenerator@6.16.1
62 silly idealTree ├── babel-plugin-transform-strict-mode@6.18.0
62 silly idealTree ├── babel-preset-es2015@6.18.0
62 silly idealTree ├── babel-preset-es2016@6.16.0
62 silly idealTree ├── babel-register@6.18.0
62 silly idealTree ├── babel-runtime@6.18.0
62 silly idealTree ├── babel-template@6.16.0
62 silly idealTree ├── babel-traverse@6.18.0
62 silly idealTree ├── babel-types@6.18.0
62 silly idealTree ├── babylon@6.13.1
62 silly idealTree ├── balanced-match@0.4.2
62 silly idealTree ├── base64-js@1.2.0
62 silly idealTree ├── bcrypt-pbkdf@1.0.0
62 silly idealTree ├── binary-extensions@1.7.0
62 silly idealTree ├── bn.js@4.11.6
62 silly idealTree ├── boom@2.10.1
62 silly idealTree ├── bower-config@1.4.0
62 silly idealTree ├── brace-expansion@1.1.6
62 silly idealTree ├── braces@1.8.5
62 silly idealTree ├── brorand@1.0.6
62 silly idealTree ├── browser-resolve@1.11.2
62 silly idealTree ├── browserify-aes@1.0.6
62 silly idealTree ├── browserify-cipher@1.0.0
62 silly idealTree ├── browserify-des@1.0.0
62 silly idealTree ├── browserify-rsa@4.0.1
62 silly idealTree ├── browserify-sign@4.0.0
62 silly idealTree ├── brunch-skeletons@0.1.4
62 silly idealTree ├── brunch@2.7.4
62 silly idealTree ├── buffer-shims@1.0.0
62 silly idealTree ├── buffer-xor@1.0.3
62 silly idealTree ├── buffer@4.3.1
62 silly idealTree ├── builtin-status-codes@2.0.0
62 silly idealTree ├── camelcase@1.2.1
62 silly idealTree ├── caseless@0.11.0
62 silly idealTree ├── center-align@0.1.3
62 silly idealTree ├── chalk@1.1.3
62 silly idealTree ├─┬ check-dependencies@0.12.3
62 silly idealTree │ └── minimist@1.2.0
62 silly idealTree ├── chokidar@1.4.3
62 silly idealTree ├── cipher-base@1.0.3
62 silly idealTree ├── clean-css-brunch@2.0.0
62 silly idealTree ├─┬ clean-css@3.4.20
62 silly idealTree │ ├── commander@2.8.1
62 silly idealTree │ └── source-map@0.4.4
62 silly idealTree ├─┬ cliui@2.1.0
62 silly idealTree │ └── wordwrap@0.0.2
62 silly idealTree ├── clockwork@0.1.4
62 silly idealTree ├── coffee-script@1.10.0
62 silly idealTree ├── combined-stream@1.0.5
62 silly idealTree ├── commander@2.9.0
62 silly idealTree ├── commonjs-require-definition@0.5.0
62 silly idealTree ├── concat-map@0.0.1
62 silly idealTree ├── connect-slashes@1.3.1
62 silly idealTree ├── content-disposition@0.5.1
62 silly idealTree ├── content-type@1.0.2
62 silly idealTree ├── convert-source-map@1.3.0
62 silly idealTree ├── cookie-signature@1.0.6
62 silly idealTree ├── cookie@0.3.1
62 silly idealTree ├── core-js@2.4.1
62 silly idealTree ├── core-util-is@1.0.2
62 silly idealTree ├── create-ecdh@4.0.0
62 silly idealTree ├── create-hash@1.1.2
62 silly idealTree ├── create-hmac@1.1.4
62 silly idealTree ├── cryptiles@2.0.5
62 silly idealTree ├── crypto-browserify@3.11.0
62 silly idealTree ├── css-brunch@2.0.0
62 silly idealTree ├─┬ dashdash@1.14.0
62 silly idealTree │ └── assert-plus@1.0.0
62 silly idealTree ├── debug@2.2.0
62 silly idealTree ├── decamelize@1.2.0
62 silly idealTree ├── deep-assign@2.0.0
62 silly idealTree ├── defined@1.0.0
62 silly idealTree ├── delayed-stream@1.0.0
62 silly idealTree ├── depd@1.1.0
62 silly idealTree ├── deppack@0.4.4
62 silly idealTree ├── des.js@1.0.0
62 silly idealTree ├── destroy@1.0.4
62 silly idealTree ├── detect-file@0.1.0
62 silly idealTree ├── detect-indent@4.0.0
62 silly idealTree ├── detective@4.3.2
62 silly idealTree ├── diffie-hellman@5.0.2
62 silly idealTree ├── domain-browser@1.1.7
62 silly idealTree ├── ecc-jsbn@0.1.1
62 silly idealTree ├── ee-first@1.1.1
62 silly idealTree ├── elliptic@6.3.2
62 silly idealTree ├── encodeurl@1.0.1
62 silly idealTree ├── escape-html@1.0.3
62 silly idealTree ├── escape-string-regexp@1.0.5
62 silly idealTree ├── esprima@2.7.3
62 silly idealTree ├── esutils@2.0.2
62 silly idealTree ├── etag@1.7.0
62 silly idealTree ├── events@1.1.1
62 silly idealTree ├── evp_bytestokey@1.0.0
62 silly idealTree ├── expand-brackets@0.1.5
62 silly idealTree ├── expand-range@1.8.2
62 silly idealTree ├── expand-tilde@1.2.2
62 silly idealTree ├── express@4.14.0
62 silly idealTree ├── extend@3.0.0
62 silly idealTree ├── extglob@0.3.2
62 silly idealTree ├── extsprintf@1.0.2
62 silly idealTree ├── fast-levenshtein@1.1.4
62 silly idealTree ├── fcache@0.1.1
62 silly idealTree ├── filename-regex@2.0.0
62 silly idealTree ├── fill-range@2.2.3
62 silly idealTree ├── finalhandler@0.5.0
62 silly idealTree ├── findup-sync@0.4.3
62 silly idealTree ├── for-in@0.1.6
62 silly idealTree ├── for-own@0.1.4
62 silly idealTree ├── forever-agent@0.6.1
62 silly idealTree ├── form-data@2.1.1
62 silly idealTree ├── forwarded@0.1.0
62 silly idealTree ├── fresh@0.3.0
62 silly idealTree ├── fs-exists-sync@0.1.0
62 silly idealTree ├── fs.realpath@1.0.0
62 silly idealTree ├─┬ fsevents@1.0.14
62 silly idealTree │ ├── abbrev@1.0.9
62 silly idealTree │ ├── ansi-regex@2.0.0
62 silly idealTree │ ├── ansi-styles@2.2.1
62 silly idealTree │ ├── aproba@1.0.4
62 silly idealTree │ ├── are-we-there-yet@1.1.2
62 silly idealTree │ ├── asn1@0.2.3
62 silly idealTree │ ├── assert-plus@0.2.0
62 silly idealTree │ ├── async@1.5.2
62 silly idealTree │ ├── aws-sign2@0.6.0
62 silly idealTree │ ├── aws4@1.4.1
62 silly idealTree │ ├── balanced-match@0.4.2
62 silly idealTree │ ├─┬ bl@1.1.2
62 silly idealTree │ │ └── readable-stream@2.0.6
62 silly idealTree │ ├── block-stream@0.0.9
62 silly idealTree │ ├── boom@2.10.1
62 silly idealTree │ ├── brace-expansion@1.1.5
62 silly idealTree │ ├── buffer-shims@1.0.0
62 silly idealTree │ ├── caseless@0.11.0
62 silly idealTree │ ├── chalk@1.1.3
62 silly idealTree │ ├── code-point-at@1.0.0
62 silly idealTree │ ├── combined-stream@1.0.5
62 silly idealTree │ ├── commander@2.9.0
62 silly idealTree │ ├── concat-map@0.0.1
62 silly idealTree │ ├── console-control-strings@1.1.0
62 silly idealTree │ ├── core-util-is@1.0.2
62 silly idealTree │ ├── cryptiles@2.0.5
62 silly idealTree │ ├─┬ dashdash@1.14.0
62 silly idealTree │ │ └── assert-plus@1.0.0
62 silly idealTree │ ├── debug@2.2.0
62 silly idealTree │ ├── deep-extend@0.4.1
62 silly idealTree │ ├── delayed-stream@1.0.0
62 silly idealTree │ ├── delegates@1.0.0
62 silly idealTree │ ├── ecc-jsbn@0.1.1
62 silly idealTree │ ├── escape-string-regexp@1.0.5
62 silly idealTree │ ├── extend@3.0.0
62 silly idealTree │ ├── extsprintf@1.0.2
62 silly idealTree │ ├── forever-agent@0.6.1
62 silly idealTree │ ├── form-data@1.0.0-rc4
62 silly idealTree │ ├── fs.realpath@1.0.0
62 silly idealTree │ ├── fstream-ignore@1.0.5
62 silly idealTree │ ├── fstream@1.0.10
62 silly idealTree │ ├── gauge@2.6.0
62 silly idealTree │ ├── generate-function@2.0.0
62 silly idealTree │ ├── generate-object-property@1.2.0
62 silly idealTree │ ├─┬ getpass@0.1.6
62 silly idealTree │ │ └── assert-plus@1.0.0
62 silly idealTree │ ├── glob@7.0.5
62 silly idealTree │ ├── graceful-fs@4.1.4
62 silly idealTree │ ├── graceful-readlink@1.0.1
62 silly idealTree │ ├── har-validator@2.0.6
62 silly idealTree │ ├── has-ansi@2.0.0
62 silly idealTree │ ├── has-color@0.1.7
62 silly idealTree │ ├── has-unicode@2.0.1
62 silly idealTree │ ├── hawk@3.1.3
62 silly idealTree │ ├── hoek@2.16.3
62 silly idealTree │ ├── http-signature@1.1.1
62 silly idealTree │ ├── inflight@1.0.5
62 silly idealTree │ ├── inherits@2.0.1
62 silly idealTree │ ├── ini@1.3.4
62 silly idealTree │ ├── is-fullwidth-code-point@1.0.0
62 silly idealTree │ ├── is-my-json-valid@2.13.1
62 silly idealTree │ ├── is-property@1.0.2
62 silly idealTree │ ├── is-typedarray@1.0.0
62 silly idealTree │ ├── isarray@1.0.0
62 silly idealTree │ ├── isstream@0.1.2
62 silly idealTree │ ├── jodid25519@1.0.2
62 silly idealTree │ ├── jsbn@0.1.0
62 silly idealTree │ ├── json-schema@0.2.2
62 silly idealTree │ ├── json-stringify-safe@5.0.1
62 silly idealTree │ ├── jsonpointer@2.0.0
62 silly idealTree │ ├── jsprim@1.3.0
62 silly idealTree │ ├── mime-db@1.23.0
62 silly idealTree │ ├── mime-types@2.1.11
62 silly idealTree │ ├── minimatch@3.0.2
62 silly idealTree │ ├── minimist@0.0.8
62 silly idealTree │ ├── mkdirp@0.5.1
62 silly idealTree │ ├── ms@0.7.1
62 silly idealTree │ ├── node-pre-gyp@0.6.29
62 silly idealTree │ ├── node-uuid@1.4.7
62 silly idealTree │ ├── nopt@3.0.6
62 silly idealTree │ ├── npmlog@3.1.2
62 silly idealTree │ ├── number-is-nan@1.0.0
62 silly idealTree │ ├── oauth-sign@0.8.2
62 silly idealTree │ ├── object-assign@4.1.0
62 silly idealTree │ ├── once@1.3.3
62 silly idealTree │ ├── path-is-absolute@1.0.0
62 silly idealTree │ ├── pinkie-promise@2.0.1
62 silly idealTree │ ├── pinkie@2.0.4
62 silly idealTree │ ├── process-nextick-args@1.0.7
62 silly idealTree │ ├── qs@6.2.0
62 silly idealTree │ ├─┬ rc@1.1.6
62 silly idealTree │ │ └── minimist@1.2.0
62 silly idealTree │ ├── readable-stream@2.1.4
62 silly idealTree │ ├── request@2.73.0
62 silly idealTree │ ├── rimraf@2.5.3
62 silly idealTree │ ├── semver@5.2.0
62 silly idealTree │ ├── set-blocking@2.0.0
62 silly idealTree │ ├── signal-exit@3.0.0
62 silly idealTree │ ├── sntp@1.0.9
62 silly idealTree │ ├─┬ sshpk@1.8.3
62 silly idealTree │ │ └── assert-plus@1.0.0
62 silly idealTree │ ├── string_decoder@0.10.31
62 silly idealTree │ ├── string-width@1.0.1
62 silly idealTree │ ├── stringstream@0.0.5
62 silly idealTree │ ├── strip-ansi@3.0.1
62 silly idealTree │ ├── strip-json-comments@1.0.4
62 silly idealTree │ ├── supports-color@2.0.0
62 silly idealTree │ ├── tar-pack@3.1.4
62 silly idealTree │ ├── tar@2.2.1
62 silly idealTree │ ├── tough-cookie@2.2.2
62 silly idealTree │ ├── tunnel-agent@0.4.3
62 silly idealTree │ ├── tweetnacl@0.13.3
62 silly idealTree │ ├── uid-number@0.0.6
62 silly idealTree │ ├── util-deprecate@1.0.2
62 silly idealTree │ ├── verror@1.3.6
62 silly idealTree │ ├── wide-align@1.1.0
62 silly idealTree │ ├── wrappy@1.0.2
62 silly idealTree │ └── xtend@4.0.1
62 silly idealTree ├── generate-function@2.0.0
62 silly idealTree ├── generate-object-property@1.2.0
62 silly idealTree ├─┬ getpass@0.1.6
62 silly idealTree │ └── assert-plus@1.0.0
62 silly idealTree ├── glob-base@0.3.0
62 silly idealTree ├── glob-parent@2.0.0
62 silly idealTree ├── glob@7.1.1
62 silly idealTree ├── global-modules@0.2.3
62 silly idealTree ├── global-prefix@0.1.4
62 silly idealTree ├── globals@9.12.0
62 silly idealTree ├── google-maps@3.2.1
62 silly idealTree ├── graceful-fs@4.1.9
62 silly idealTree ├── graceful-readlink@1.0.1
62 silly idealTree ├── growl@1.8.1
62 silly idealTree ├── har-validator@2.0.6
62 silly idealTree ├── has-ansi@2.0.0
62 silly idealTree ├── hash.js@1.0.3
62 silly idealTree ├── hawk@3.1.3
62 silly idealTree ├── hoek@2.16.3
62 silly idealTree ├── home-or-tmp@2.0.0
62 silly idealTree ├── hosted-git-info@2.1.5
62 silly idealTree ├─┬ http-errors@1.5.0
62 silly idealTree │ └── inherits@2.0.1
62 silly idealTree ├── http-signature@1.1.1
62 silly idealTree ├── https-browserify@0.0.1
62 silly idealTree ├── ieee754@1.1.8
62 silly idealTree ├── indexof@0.0.1
62 silly idealTree ├── inflight@1.0.6
62 silly idealTree ├── inherits@2.0.3
62 silly idealTree ├── ini@1.3.4
62 silly idealTree ├── init-skeleton@0.9.5
62 silly idealTree ├── invariant@2.2.1
62 silly idealTree ├── ipaddr.js@1.1.1
62 silly idealTree ├── is-binary-path@1.0.1
62 silly idealTree ├── is-buffer@1.1.4
62 silly idealTree ├── is-dotfile@1.0.2
62 silly idealTree ├── is-equal-shallow@0.1.3
62 silly idealTree ├── is-extendable@0.1.1
62 silly idealTree ├── is-extglob@1.0.0
62 silly idealTree ├── is-finite@1.0.2
62 silly idealTree ├── is-glob@2.0.1
62 silly idealTree ├── is-my-json-valid@2.15.0
62 silly idealTree ├── is-number@2.1.0
62 silly idealTree ├── is-obj@1.0.1
62 silly idealTree ├── is-posix-bracket@0.1.1
62 silly idealTree ├── is-primitive@2.0.0
62 silly idealTree ├── is-property@1.0.2
62 silly idealTree ├── is-typedarray@1.0.0
62 silly idealTree ├── is-windows@0.2.0
62 silly idealTree ├── isarray@1.0.0
62 silly idealTree ├── isexe@1.1.2
62 silly idealTree ├── isobject@2.1.0
62 silly idealTree ├── isstream@0.1.2
62 silly idealTree ├── javascript-brunch@2.0.0
62 silly idealTree ├── jodid25519@1.0.2
62 silly idealTree ├── jquery@3.1.1
62 silly idealTree ├── js-tokens@2.0.0
62 silly idealTree ├── jsbn@0.1.0
62 silly idealTree ├── jsesc@1.3.0
62 silly idealTree ├── json-schema@0.2.3
62 silly idealTree ├── json-stringify-safe@5.0.1
62 silly idealTree ├── json5@0.5.0
62 silly idealTree ├── jsonpointer@4.0.0
62 silly idealTree ├── jsprim@1.3.1
62 silly idealTree ├── kind-of@3.0.4
62 silly idealTree ├── lazy-cache@1.0.4
62 silly idealTree ├── lodash@4.16.4
62 silly idealTree ├── loggy@0.3.5
62 silly idealTree ├── longest@1.0.1
62 silly idealTree ├── loose-envify@1.3.0
62 silly idealTree ├── media-typer@0.3.0
62 silly idealTree ├── merge-descriptors@1.0.1
62 silly idealTree ├── methods@1.1.2
62 silly idealTree ├── micro-promisify@0.1.1
62 silly idealTree ├── micromatch@2.3.11
62 silly idealTree ├── miller-rabin@4.0.0
62 silly idealTree ├── mime-db@1.24.0
62 silly idealTree ├── mime-types@2.1.12
62 silly idealTree ├── mime@1.3.4
62 silly idealTree ├── minimalistic-assert@1.0.0
62 silly idealTree ├── minimatch@3.0.3
62 silly idealTree ├── minimist@0.0.8
62 silly idealTree ├── mkdirp@0.5.1
62 silly idealTree ├── mout@1.0.0
62 silly idealTree ├── ms@0.7.1
62 silly idealTree ├── nan@2.4.0
62 silly idealTree ├── ncp@2.0.0
62 silly idealTree ├── negotiator@0.6.1
62 silly idealTree ├─┬ node-browser-modules@0.1.0
62 silly idealTree │ └── readable-stream@2.0.6
62 silly idealTree ├── node-uuid@1.4.7
62 silly idealTree ├── normalize-git-url@3.0.2
62 silly idealTree ├── normalize-path@2.0.1
62 silly idealTree ├── number-is-nan@1.0.1
62 silly idealTree ├── oauth-sign@0.8.2
62 silly idealTree ├── object.omit@2.0.1
62 silly idealTree ├── on-finished@2.3.0
62 silly idealTree ├── once@1.4.0
62 silly idealTree ├── optimist@0.6.1
62 silly idealTree ├── os-browserify@0.2.1
62 silly idealTree ├── os-homedir@1.0.2
62 silly idealTree ├── os-tmpdir@1.0.2
62 silly idealTree ├── osenv@0.1.3
62 silly idealTree ├── parse-asn1@5.0.0
62 silly idealTree ├── parse-glob@3.0.4
62 silly idealTree ├── parseurl@1.3.1
62 silly idealTree ├── path-browserify@0.0.0
62 silly idealTree ├── path-is-absolute@1.0.1
62 silly idealTree ├── path-to-regexp@0.1.7
62 silly idealTree ├── pbkdf2@3.0.9
62 silly idealTree ├── phoenix_html@2.7.0
62 silly idealTree ├── phoenix@1.2.1
62 silly idealTree ├── pinkie-promise@2.0.1
62 silly idealTree ├── pinkie@2.0.4
62 silly idealTree ├── preserve@0.2.0
62 silly idealTree ├── private@0.1.6
62 silly idealTree ├── process-nextick-args@1.0.7
62 silly idealTree ├── process@0.11.9
62 silly idealTree ├── proxy-addr@1.1.2
62 silly idealTree ├── public-encrypt@4.0.0
62 silly idealTree ├── punycode@1.4.1
62 silly idealTree ├── pushserve@1.0.2
62 silly idealTree ├── qs@6.2.0
62 silly idealTree ├── querystring-es3@0.2.1
62 silly idealTree ├── querystring@0.2.0
62 silly idealTree ├── quickly-copy-file@1.0.0
62 silly idealTree ├── randomatic@1.1.5
62 silly idealTree ├── randombytes@2.0.3
62 silly idealTree ├── range-parser@1.2.0
62 silly idealTree ├── read-components@0.7.0
62 silly idealTree ├── readable-stream@2.1.5
62 silly idealTree ├── readdirp@2.1.0
62 silly idealTree ├── regenerate@1.3.1
62 silly idealTree ├── regenerator-runtime@0.9.5
62 silly idealTree ├── regex-cache@0.4.3
62 silly idealTree ├── regexpu-core@2.0.0
62 silly idealTree ├── regjsgen@0.2.0
62 silly idealTree ├─┬ regjsparser@0.1.5
62 silly idealTree │ └── jsesc@0.5.0
62 silly idealTree ├── repeat-element@1.1.2
62 silly idealTree ├── repeat-string@1.6.1
62 silly idealTree ├── repeating@2.0.1
62 silly idealTree ├─┬ request@2.76.0
62 silly idealTree │ └── qs@6.3.0
62 silly idealTree ├── resolve-dir@0.1.1
62 silly idealTree ├── resolve@1.1.7
62 silly idealTree ├── right-align@0.1.3
62 silly idealTree ├── ripemd160@1.0.1
62 silly idealTree ├── sax@1.2.1
62 silly idealTree ├── semver@5.3.0
62 silly idealTree ├── send@0.14.1
62 silly idealTree ├── serve-brunch@0.1.2
62 silly idealTree ├── serve-static@1.11.1
62 silly idealTree ├── set-immediate-shim@1.0.1
62 silly idealTree ├── setprototypeof@1.0.1
62 silly idealTree ├── sha.js@2.4.5
62 silly idealTree ├── since-app-start@0.1.0
62 silly idealTree ├── skemata@0.1.2
62 silly idealTree ├── slash@1.0.0
62 silly idealTree ├── sntp@1.0.9
62 silly idealTree ├── source-map-support@0.4.5
62 silly idealTree ├── source-map@0.5.6
62 silly idealTree ├─┬ sshpk@1.10.1
62 silly idealTree │ └── assert-plus@1.0.0
62 silly idealTree ├── statuses@1.3.0
62 silly idealTree ├── stream-browserify@2.0.1
62 silly idealTree ├── stream-http@2.1.1
62 silly idealTree ├── string_decoder@0.10.31
62 silly idealTree ├── stringstream@0.0.5
62 silly idealTree ├── strip-ansi@3.0.1
62 silly idealTree ├── supports-color@2.0.0
62 silly idealTree ├── timers-browserify@1.4.2
62 silly idealTree ├── to-arraybuffer@1.0.1
62 silly idealTree ├── to-fast-properties@1.0.2
62 silly idealTree ├── tough-cookie@2.3.2
62 silly idealTree ├─┬ true-case-path@1.0.2
62 silly idealTree │ └── glob@6.0.4
62 silly idealTree ├── tty-browserify@0.0.0
62 silly idealTree ├── tunnel-agent@0.4.3
62 silly idealTree ├── tweetnacl@0.14.3
62 silly idealTree ├── type-is@1.6.13
62 silly idealTree ├── uglify-js-brunch@2.0.1
62 silly idealTree ├── uglify-js@2.6.4
62 silly idealTree ├── uglify-to-browserify@1.0.2
62 silly idealTree ├── unpipe@1.0.0
62 silly idealTree ├── untildify@2.1.0
62 silly idealTree ├─┬ url@0.11.0
62 silly idealTree │ └── punycode@1.3.2
62 silly idealTree ├── util-deprecate@1.0.2
62 silly idealTree ├─┬ util@0.10.3
62 silly idealTree │ └── inherits@2.0.1
62 silly idealTree ├── utils-merge@1.0.0
62 silly idealTree ├── vary@1.1.0
62 silly idealTree ├── verror@1.3.6
62 silly idealTree ├── vm-browserify@0.0.4
62 silly idealTree ├── which@1.2.11
62 silly idealTree ├── window-size@0.1.0
62 silly idealTree ├── wordwrap@0.0.3
62 silly idealTree ├── wrappy@1.0.2
62 silly idealTree ├─┬ xml2js@0.4.17
62 silly idealTree │ └── xmlbuilder@4.2.1
62 silly idealTree ├── xmlbuilder@8.2.2
62 silly idealTree ├── xtend@4.0.1
62 silly idealTree ├── yargs@3.10.0
62 silly idealTree └── zlib@1.0.5
63 silly generateActionsToTake Starting
64 silly install generateActionsToTake
65 silly generateActionsToTake Finishing
66 silly diffTrees action count 1
67 silly diffTrees add zlib@1.0.5
68 silly decomposeActions action count 8
69 silly decomposeActions fetch zlib@1.0.5
70 silly decomposeActions extract zlib@1.0.5
71 silly decomposeActions test zlib@1.0.5
72 silly decomposeActions preinstall zlib@1.0.5
73 silly decomposeActions build zlib@1.0.5
74 silly decomposeActions install zlib@1.0.5
75 silly decomposeActions postinstall zlib@1.0.5
76 silly decomposeActions finalize zlib@1.0.5
77 silly runTopLevelLifecycles Starting
78 silly executeActions Starting
79 silly install executeActions
80 silly doSerial global-install 0
81 silly doParallel fetch 1
82 verbose correctMkdir /Users/gomezm/.npm/_locks correctMkdir not in flight; initializing
83 verbose lock using /Users/gomezm/.npm/_locks/staging-443c675f08141a30.lock for /Users/gomezm/Development/404NotFound/node_modules/.staging
84 silly doParallel extract 1
85 silly extract zlib@1.0.5
86 verbose unbuild node_modules/.staging/zlib-7a765e69
87 silly gentlyRm /Users/gomezm/Development/404NotFound/node_modules/.staging/zlib-7a765e69 is being purged from base /Users/gomezm/Development/404NotFound
88 verbose gentlyRm don't care about contents; nuking /Users/gomezm/Development/404NotFound/node_modules/.staging/zlib-7a765e69
89 verbose tar unpack /Users/gomezm/.npm/zlib/1.0.5/package.tgz
90 verbose tar unpacking to /Users/gomezm/Development/404NotFound/node_modules/.staging/zlib-7a765e69
91 silly gentlyRm /Users/gomezm/Development/404NotFound/node_modules/.staging/zlib-7a765e69 is being purged
92 verbose gentlyRm don't care about contents; nuking /Users/gomezm/Development/404NotFound/node_modules/.staging/zlib-7a765e69
93 silly gunzTarPerm modes [ '755', '644' ]
94 silly gunzTarPerm extractEntry .gitignore
95 silly gunzTarPerm extractEntry configure
96 silly gunzTarPerm extractEntry index.js
97 silly gunzTarPerm extractEntry LICENSE
98 silly gunzTarPerm extractEntry Makefile
99 silly gunzTarPerm extractEntry package.json
100 silly gunzTarPerm extractEntry README.md
101 silly gunzTarPerm extractEntry wscript
102 silly gunzTarPerm extractEntry lib/zlib.js
103 silly gunzTarPerm extractEntry src/node-zlib.cc
104 silly gunzTarPerm extractEntry test/deflate.test.js
105 silly gunzTarPerm extractEntry test/inflate.test.js
106 silly gentlyRm /Users/gomezm/Development/404NotFound/node_modules/.staging/zlib-7a765e69/node_modules is being purged
107 verbose gentlyRm don't care about contents; nuking /Users/gomezm/Development/404NotFound/node_modules/.staging/zlib-7a765e69/node_modules
108 silly doParallel preinstall 1
109 silly preinstall zlib@1.0.5 /Users/gomezm/Development/404NotFound/node_modules/.staging/zlib-7a765e69
110 info lifecycle zlib@1.0.5~preinstall: zlib@1.0.5
111 verbose lifecycle zlib@1.0.5~preinstall: unsafe-perm in lifecycle true
112 verbose lifecycle zlib@1.0.5~preinstall: PATH: /usr/local/lib/node_modules/npm/bin/node-gyp-bin:/Users/gomezm/Development/404NotFound/node_modules/.staging/zlib-7a765e69/node_modules/.bin:/Users/gomezm/Development/404NotFound/node_modules/.bin:/usr/local/Cellar/node/7.0.0/bin:/Users/gomezm/Development/Applications/apache-maven-3.3.9/bin:/usr/local/bin:/usr/bin:/bin:/usr/sbin:/sbin:/usr/local/mysql/bin:/Users/gomezm/Development/Scripts
113 verbose lifecycle zlib@1.0.5~preinstall: CWD: /Users/gomezm/Development/404NotFound/node_modules/.staging/zlib-7a765e69
114 silly lifecycle zlib@1.0.5~preinstall: Args: [ '-c', 'node-waf clean || true; node-waf configure build' ]
115 info lifecycle zlib@1.0.5~preinstall: Failed to exec preinstall script
116 verbose unlock done using /Users/gomezm/.npm/_locks/staging-443c675f08141a30.lock for /Users/gomezm/Development/404NotFound/node_modules/.staging
117 silly rollbackFailedOptional Starting
118 silly rollbackFailedOptional Finishing
119 silly runTopLevelLifecycles Finishing
120 silly install printInstalled
121 verbose stack Error: zlib@1.0.5 preinstall: `node-waf clean || true; node-waf configure build`
121 verbose stack spawn ENOENT
121 verbose stack     at ChildProcess.<anonymous> (/usr/local/lib/node_modules/npm/lib/utils/spawn.js:33:16)
121 verbose stack     at emitTwo (events.js:106:13)
121 verbose stack     at ChildProcess.emit (events.js:191:7)
121 verbose stack     at maybeClose (internal/child_process.js:877:16)
121 verbose stack     at Process.ChildProcess._handle.onexit (internal/child_process.js:226:5)
122 verbose pkgid zlib@1.0.5
123 verbose cwd /Users/gomezm/Development/404NotFound
124 error Darwin 15.6.0
125 error argv "/usr/local/Cellar/node/7.0.0/bin/node" "/usr/local/bin/npm" "install" "zlib"
126 error node v7.0.0
127 error npm  v3.10.8
128 error file sh
129 error code ELIFECYCLE
130 error errno ENOENT
131 error syscall spawn
132 error zlib@1.0.5 preinstall: `node-waf clean || true; node-waf configure build`
132 error spawn ENOENT
133 error Failed at the zlib@1.0.5 preinstall script 'node-waf clean || true; node-waf configure build'.
133 error Make sure you have the latest version of node.js and npm installed.
133 error If you do, this is most likely a problem with the zlib package,
133 error not with npm itself.
133 error Tell the author that this fails on your system:
133 error     node-waf clean || true; node-waf configure build
133 error You can get information on how to open an issue for this project with:
133 error     npm bugs zlib
133 error Or if that isn't available, you can get their info via:
133 error     npm owner ls zlib
133 error There is likely additional logging output above.
134 verbose exit [ 1, true ]
